{"E:\\Job\\ComputerSelectorHelper\\src\\utils\\convertToSpecs.jsx": {"path":"E:\\Job\\ComputerSelectorHelper\\src\\utils\\convertToSpecs.jsx","statementMap":{"0":{"start":{"line":3,"column":24},"end":{"line":7,"column":null}},"1":{"start":{"line":4,"column":2},"end":{"line":4,"column":null}},"2":{"start":{"line":5,"column":2},"end":{"line":5,"column":null}},"3":{"start":{"line":6,"column":2},"end":{"line":6,"column":null}},"4":{"start":{"line":9,"column":25},"end":{"line":15,"column":null}},"5":{"start":{"line":10,"column":2},"end":{"line":10,"column":null}},"6":{"start":{"line":11,"column":2},"end":{"line":11,"column":null}},"7":{"start":{"line":12,"column":2},"end":{"line":12,"column":null}},"8":{"start":{"line":13,"column":2},"end":{"line":13,"column":null}},"9":{"start":{"line":14,"column":2},"end":{"line":14,"column":null}},"10":{"start":{"line":18,"column":23},"end":{"line":357,"column":null}},"11":{"start":{"line":19,"column":16},"end":{"line":30,"column":null}},"12":{"start":{"line":32,"column":2},"end":{"line":32,"column":null}},"13":{"start":{"line":35,"column":17},"end":{"line":42,"column":null}},"14":{"start":{"line":44,"column":15},"end":{"line":46,"column":27}},"15":{"start":{"line":48,"column":2},"end":{"line":50,"column":null}},"16":{"start":{"line":49,"column":4},"end":{"line":49,"column":null}},"17":{"start":{"line":52,"column":2},"end":{"line":54,"column":null}},"18":{"start":{"line":53,"column":4},"end":{"line":53,"column":null}},"19":{"start":{"line":58,"column":2},"end":{"line":68,"column":null}},"20":{"start":{"line":59,"column":4},"end":{"line":59,"column":null}},"21":{"start":{"line":60,"column":4},"end":{"line":60,"column":null}},"22":{"start":{"line":61,"column":4},"end":{"line":61,"column":null}},"23":{"start":{"line":62,"column":4},"end":{"line":62,"column":null}},"24":{"start":{"line":63,"column":4},"end":{"line":67,"column":null}},"25":{"start":{"line":64,"column":6},"end":{"line":64,"column":null}},"26":{"start":{"line":65,"column":11},"end":{"line":67,"column":null}},"27":{"start":{"line":66,"column":6},"end":{"line":66,"column":null}},"28":{"start":{"line":70,"column":2},"end":{"line":76,"column":null}},"29":{"start":{"line":71,"column":4},"end":{"line":71,"column":null}},"30":{"start":{"line":72,"column":4},"end":{"line":72,"column":null}},"31":{"start":{"line":73,"column":4},"end":{"line":73,"column":null}},"32":{"start":{"line":74,"column":4},"end":{"line":74,"column":null}},"33":{"start":{"line":75,"column":4},"end":{"line":75,"column":null}},"34":{"start":{"line":78,"column":2},"end":{"line":81,"column":null}},"35":{"start":{"line":79,"column":4},"end":{"line":79,"column":null}},"36":{"start":{"line":80,"column":4},"end":{"line":80,"column":null}},"37":{"start":{"line":83,"column":2},"end":{"line":87,"column":null}},"38":{"start":{"line":84,"column":4},"end":{"line":84,"column":null}},"39":{"start":{"line":85,"column":4},"end":{"line":85,"column":null}},"40":{"start":{"line":86,"column":4},"end":{"line":86,"column":null}},"41":{"start":{"line":89,"column":2},"end":{"line":92,"column":null}},"42":{"start":{"line":90,"column":4},"end":{"line":90,"column":null}},"43":{"start":{"line":91,"column":4},"end":{"line":91,"column":null}},"44":{"start":{"line":95,"column":2},"end":{"line":98,"column":null}},"45":{"start":{"line":96,"column":4},"end":{"line":96,"column":null}},"46":{"start":{"line":97,"column":4},"end":{"line":97,"column":null}},"47":{"start":{"line":100,"column":2},"end":{"line":103,"column":null}},"48":{"start":{"line":101,"column":4},"end":{"line":101,"column":null}},"49":{"start":{"line":102,"column":4},"end":{"line":102,"column":null}},"50":{"start":{"line":105,"column":2},"end":{"line":108,"column":null}},"51":{"start":{"line":106,"column":4},"end":{"line":106,"column":null}},"52":{"start":{"line":107,"column":4},"end":{"line":107,"column":null}},"53":{"start":{"line":110,"column":2},"end":{"line":112,"column":null}},"54":{"start":{"line":111,"column":4},"end":{"line":111,"column":null}},"55":{"start":{"line":114,"column":2},"end":{"line":116,"column":null}},"56":{"start":{"line":115,"column":4},"end":{"line":115,"column":null}},"57":{"start":{"line":119,"column":2},"end":{"line":122,"column":null}},"58":{"start":{"line":120,"column":4},"end":{"line":120,"column":null}},"59":{"start":{"line":121,"column":4},"end":{"line":121,"column":null}},"60":{"start":{"line":125,"column":2},"end":{"line":128,"column":null}},"61":{"start":{"line":130,"column":2},"end":{"line":137,"column":null}},"62":{"start":{"line":131,"column":4},"end":{"line":131,"column":null}},"63":{"start":{"line":133,"column":4},"end":{"line":136,"column":null}},"64":{"start":{"line":139,"column":2},"end":{"line":141,"column":null}},"65":{"start":{"line":140,"column":4},"end":{"line":140,"column":null}},"66":{"start":{"line":143,"column":2},"end":{"line":149,"column":null}},"67":{"start":{"line":148,"column":4},"end":{"line":148,"column":null}},"68":{"start":{"line":153,"column":2},"end":{"line":153,"column":null}},"69":{"start":{"line":155,"column":2},"end":{"line":157,"column":null}},"70":{"start":{"line":156,"column":4},"end":{"line":156,"column":null}},"71":{"start":{"line":160,"column":2},"end":{"line":163,"column":null}},"72":{"start":{"line":165,"column":2},"end":{"line":167,"column":null}},"73":{"start":{"line":166,"column":4},"end":{"line":166,"column":null}},"74":{"start":{"line":170,"column":2},"end":{"line":170,"column":null}},"75":{"start":{"line":171,"column":2},"end":{"line":171,"column":null}},"76":{"start":{"line":174,"column":2},"end":{"line":186,"column":null}},"77":{"start":{"line":176,"column":6},"end":{"line":176,"column":null}},"78":{"start":{"line":177,"column":6},"end":{"line":177,"column":null}},"79":{"start":{"line":179,"column":6},"end":{"line":179,"column":null}},"80":{"start":{"line":180,"column":6},"end":{"line":180,"column":null}},"81":{"start":{"line":182,"column":6},"end":{"line":182,"column":null}},"82":{"start":{"line":183,"column":6},"end":{"line":183,"column":null}},"83":{"start":{"line":185,"column":6},"end":{"line":185,"column":null}},"84":{"start":{"line":189,"column":2},"end":{"line":204,"column":null}},"85":{"start":{"line":190,"column":4},"end":{"line":192,"column":null}},"86":{"start":{"line":191,"column":6},"end":{"line":191,"column":null}},"87":{"start":{"line":193,"column":4},"end":{"line":195,"column":null}},"88":{"start":{"line":194,"column":6},"end":{"line":194,"column":null}},"89":{"start":{"line":196,"column":4},"end":{"line":199,"column":null}},"90":{"start":{"line":197,"column":6},"end":{"line":197,"column":null}},"91":{"start":{"line":198,"column":6},"end":{"line":198,"column":null}},"92":{"start":{"line":200,"column":4},"end":{"line":203,"column":null}},"93":{"start":{"line":201,"column":6},"end":{"line":201,"column":null}},"94":{"start":{"line":202,"column":6},"end":{"line":202,"column":null}},"95":{"start":{"line":206,"column":2},"end":{"line":218,"column":null}},"96":{"start":{"line":217,"column":4},"end":{"line":217,"column":null}},"97":{"start":{"line":221,"column":2},"end":{"line":236,"column":null}},"98":{"start":{"line":222,"column":4},"end":{"line":224,"column":null}},"99":{"start":{"line":223,"column":6},"end":{"line":223,"column":null}},"100":{"start":{"line":225,"column":4},"end":{"line":227,"column":null}},"101":{"start":{"line":226,"column":6},"end":{"line":226,"column":null}},"102":{"start":{"line":228,"column":4},"end":{"line":230,"column":null}},"103":{"start":{"line":229,"column":6},"end":{"line":229,"column":null}},"104":{"start":{"line":231,"column":4},"end":{"line":235,"column":null}},"105":{"start":{"line":232,"column":6},"end":{"line":232,"column":null}},"106":{"start":{"line":233,"column":6},"end":{"line":233,"column":null}},"107":{"start":{"line":234,"column":6},"end":{"line":234,"column":null}},"108":{"start":{"line":238,"column":2},"end":{"line":240,"column":null}},"109":{"start":{"line":239,"column":4},"end":{"line":239,"column":null}},"110":{"start":{"line":242,"column":2},"end":{"line":244,"column":null}},"111":{"start":{"line":243,"column":4},"end":{"line":243,"column":null}},"112":{"start":{"line":247,"column":19},"end":{"line":247,"column":null}},"113":{"start":{"line":248,"column":2},"end":{"line":250,"column":null}},"114":{"start":{"line":249,"column":4},"end":{"line":249,"column":null}},"115":{"start":{"line":253,"column":2},"end":{"line":268,"column":null}},"116":{"start":{"line":254,"column":4},"end":{"line":262,"column":null}},"117":{"start":{"line":260,"column":6},"end":{"line":260,"column":null}},"118":{"start":{"line":261,"column":6},"end":{"line":261,"column":null}},"119":{"start":{"line":264,"column":4},"end":{"line":267,"column":null}},"120":{"start":{"line":265,"column":6},"end":{"line":265,"column":null}},"121":{"start":{"line":266,"column":6},"end":{"line":266,"column":null}},"122":{"start":{"line":270,"column":8},"end":{"line":270,"column":null}},"123":{"start":{"line":271,"column":2},"end":{"line":271,"column":null}},"124":{"start":{"line":274,"column":19},"end":{"line":274,"column":null}},"125":{"start":{"line":275,"column":2},"end":{"line":281,"column":null}},"126":{"start":{"line":276,"column":19},"end":{"line":276,"column":null}},"127":{"start":{"line":277,"column":6},"end":{"line":277,"column":null}},"128":{"start":{"line":277,"column":71},"end":{"line":277,"column":null}},"129":{"start":{"line":278,"column":6},"end":{"line":278,"column":null}},"130":{"start":{"line":278,"column":67},"end":{"line":278,"column":null}},"131":{"start":{"line":279,"column":6},"end":{"line":279,"column":null}},"132":{"start":{"line":279,"column":68},"end":{"line":279,"column":null}},"133":{"start":{"line":280,"column":6},"end":{"line":280,"column":null}},"134":{"start":{"line":283,"column":0},"end":{"line":294,"column":null}},"135":{"start":{"line":284,"column":20},"end":{"line":284,"column":null}},"136":{"start":{"line":286,"column":2},"end":{"line":288,"column":null}},"137":{"start":{"line":286,"column":31},"end":{"line":286,"column":null}},"138":{"start":{"line":287,"column":7},"end":{"line":288,"column":null}},"139":{"start":{"line":287,"column":33},"end":{"line":287,"column":null}},"140":{"start":{"line":288,"column":7},"end":{"line":288,"column":null}},"141":{"start":{"line":290,"column":2},"end":{"line":290,"column":null}},"142":{"start":{"line":292,"column":2},"end":{"line":292,"column":null}},"143":{"start":{"line":293,"column":2},"end":{"line":293,"column":null}},"144":{"start":{"line":298,"column":2},"end":{"line":304,"column":null}},"145":{"start":{"line":301,"column":25},"end":{"line":301,"column":null}},"146":{"start":{"line":303,"column":4},"end":{"line":303,"column":null}},"147":{"start":{"line":307,"column":2},"end":{"line":319,"column":null}},"148":{"start":{"line":318,"column":4},"end":{"line":318,"column":null}},"149":{"start":{"line":322,"column":2},"end":{"line":329,"column":null}},"150":{"start":{"line":328,"column":4},"end":{"line":328,"column":null}},"151":{"start":{"line":332,"column":25},"end":{"line":334,"column":null}},"152":{"start":{"line":337,"column":4},"end":{"line":341,"column":null}},"153":{"start":{"line":343,"column":2},"end":{"line":345,"column":null}},"154":{"start":{"line":344,"column":4},"end":{"line":344,"column":null}},"155":{"start":{"line":347,"column":2},"end":{"line":352,"column":null}},"156":{"start":{"line":356,"column":2},"end":{"line":356,"column":null}}},"fnMap":{"0":{"name":"(anonymous_0)","decl":{"start":{"line":3,"column":24},"end":{"line":3,"column":25}},"loc":{"start":{"line":3,"column":32},"end":{"line":7,"column":null}},"line":3},"1":{"name":"(anonymous_1)","decl":{"start":{"line":9,"column":25},"end":{"line":9,"column":26}},"loc":{"start":{"line":9,"column":26},"end":{"line":15,"column":null}},"line":9},"2":{"name":"(anonymous_2)","decl":{"start":{"line":18,"column":23},"end":{"line":18,"column":24}},"loc":{"start":{"line":18,"column":24},"end":{"line":357,"column":null}},"line":18},"3":{"name":"(anonymous_3)","decl":{"start":{"line":275,"column":40},"end":{"line":275,"column":null}},"loc":{"start":{"line":275,"column":40},"end":{"line":281,"column":10}},"line":275},"4":{"name":"(anonymous_4)","decl":{"start":{"line":301,"column":20},"end":{"line":301,"column":25}},"loc":{"start":{"line":301,"column":25},"end":{"line":301,"column":null}},"line":301}},"branchMap":{"0":{"loc":{"start":{"line":44,"column":15},"end":{"line":46,"column":27}},"type":"cond-expr","locations":[{"start":{"line":45,"column":6},"end":{"line":45,"column":null}},{"start":{"line":46,"column":6},"end":{"line":46,"column":27}}],"line":44},"1":{"loc":{"start":{"line":46,"column":6},"end":{"line":46,"column":27}},"type":"binary-expr","locations":[{"start":{"line":46,"column":6},"end":{"line":46,"column":21}},{"start":{"line":46,"column":25},"end":{"line":46,"column":27}}],"line":46},"2":{"loc":{"start":{"line":48,"column":2},"end":{"line":50,"column":null}},"type":"if","locations":[{"start":{"line":48,"column":2},"end":{"line":50,"column":null}},{"start":{},"end":{}}],"line":48},"3":{"loc":{"start":{"line":52,"column":2},"end":{"line":54,"column":null}},"type":"if","locations":[{"start":{"line":52,"column":2},"end":{"line":54,"column":null}},{"start":{},"end":{}}],"line":52},"4":{"loc":{"start":{"line":58,"column":2},"end":{"line":68,"column":null}},"type":"if","locations":[{"start":{"line":58,"column":2},"end":{"line":68,"column":null}},{"start":{},"end":{}}],"line":58},"5":{"loc":{"start":{"line":63,"column":4},"end":{"line":67,"column":null}},"type":"if","locations":[{"start":{"line":63,"column":4},"end":{"line":67,"column":null}},{"start":{"line":65,"column":11},"end":{"line":67,"column":null}}],"line":63},"6":{"loc":{"start":{"line":65,"column":11},"end":{"line":67,"column":null}},"type":"if","locations":[{"start":{"line":65,"column":11},"end":{"line":67,"column":null}},{"start":{},"end":{}}],"line":65},"7":{"loc":{"start":{"line":70,"column":2},"end":{"line":76,"column":null}},"type":"if","locations":[{"start":{"line":70,"column":2},"end":{"line":76,"column":null}},{"start":{},"end":{}}],"line":70},"8":{"loc":{"start":{"line":70,"column":6},"end":{"line":70,"column":65}},"type":"binary-expr","locations":[{"start":{"line":70,"column":6},"end":{"line":70,"column":35}},{"start":{"line":70,"column":35},"end":{"line":70,"column":65}}],"line":70},"9":{"loc":{"start":{"line":78,"column":2},"end":{"line":81,"column":null}},"type":"if","locations":[{"start":{"line":78,"column":2},"end":{"line":81,"column":null}},{"start":{},"end":{}}],"line":78},"10":{"loc":{"start":{"line":83,"column":2},"end":{"line":87,"column":null}},"type":"if","locations":[{"start":{"line":83,"column":2},"end":{"line":87,"column":null}},{"start":{},"end":{}}],"line":83},"11":{"loc":{"start":{"line":83,"column":6},"end":{"line":83,"column":68}},"type":"binary-expr","locations":[{"start":{"line":83,"column":6},"end":{"line":83,"column":38}},{"start":{"line":83,"column":38},"end":{"line":83,"column":68}}],"line":83},"12":{"loc":{"start":{"line":89,"column":2},"end":{"line":92,"column":null}},"type":"if","locations":[{"start":{"line":89,"column":2},"end":{"line":92,"column":null}},{"start":{},"end":{}}],"line":89},"13":{"loc":{"start":{"line":95,"column":2},"end":{"line":98,"column":null}},"type":"if","locations":[{"start":{"line":95,"column":2},"end":{"line":98,"column":null}},{"start":{},"end":{}}],"line":95},"14":{"loc":{"start":{"line":100,"column":2},"end":{"line":103,"column":null}},"type":"if","locations":[{"start":{"line":100,"column":2},"end":{"line":103,"column":null}},{"start":{},"end":{}}],"line":100},"15":{"loc":{"start":{"line":105,"column":2},"end":{"line":108,"column":null}},"type":"if","locations":[{"start":{"line":105,"column":2},"end":{"line":108,"column":null}},{"start":{},"end":{}}],"line":105},"16":{"loc":{"start":{"line":110,"column":2},"end":{"line":112,"column":null}},"type":"if","locations":[{"start":{"line":110,"column":2},"end":{"line":112,"column":null}},{"start":{},"end":{}}],"line":110},"17":{"loc":{"start":{"line":114,"column":2},"end":{"line":116,"column":null}},"type":"if","locations":[{"start":{"line":114,"column":2},"end":{"line":116,"column":null}},{"start":{},"end":{}}],"line":114},"18":{"loc":{"start":{"line":119,"column":2},"end":{"line":122,"column":null}},"type":"if","locations":[{"start":{"line":119,"column":2},"end":{"line":122,"column":null}},{"start":{},"end":{}}],"line":119},"19":{"loc":{"start":{"line":126,"column":4},"end":{"line":128,"column":null}},"type":"cond-expr","locations":[{"start":{"line":126,"column":30},"end":{"line":126,"column":null}},{"start":{"line":127,"column":6},"end":{"line":128,"column":null}}],"line":126},"20":{"loc":{"start":{"line":127,"column":6},"end":{"line":128,"column":null}},"type":"cond-expr","locations":[{"start":{"line":127,"column":32},"end":{"line":127,"column":null}},{"start":{"line":128,"column":8},"end":{"line":128,"column":null}}],"line":127},"21":{"loc":{"start":{"line":130,"column":2},"end":{"line":137,"column":null}},"type":"if","locations":[{"start":{"line":130,"column":2},"end":{"line":137,"column":null}},{"start":{"line":132,"column":9},"end":{"line":137,"column":null}}],"line":130},"22":{"loc":{"start":{"line":131,"column":16},"end":{"line":131,"column":null}},"type":"cond-expr","locations":[{"start":{"line":131,"column":43},"end":{"line":131,"column":53}},{"start":{"line":131,"column":53},"end":{"line":131,"column":null}}],"line":131},"23":{"loc":{"start":{"line":134,"column":6},"end":{"line":136,"column":null}},"type":"cond-expr","locations":[{"start":{"line":134,"column":33},"end":{"line":134,"column":null}},{"start":{"line":135,"column":8},"end":{"line":136,"column":null}}],"line":134},"24":{"loc":{"start":{"line":135,"column":8},"end":{"line":136,"column":null}},"type":"cond-expr","locations":[{"start":{"line":135,"column":35},"end":{"line":135,"column":null}},{"start":{"line":136,"column":10},"end":{"line":136,"column":null}}],"line":135},"25":{"loc":{"start":{"line":139,"column":2},"end":{"line":141,"column":null}},"type":"if","locations":[{"start":{"line":139,"column":2},"end":{"line":141,"column":null}},{"start":{},"end":{}}],"line":139},"26":{"loc":{"start":{"line":139,"column":6},"end":{"line":139,"column":59}},"type":"binary-expr","locations":[{"start":{"line":139,"column":6},"end":{"line":139,"column":34}},{"start":{"line":139,"column":34},"end":{"line":139,"column":59}}],"line":139},"27":{"loc":{"start":{"line":143,"column":2},"end":{"line":149,"column":null}},"type":"if","locations":[{"start":{"line":143,"column":2},"end":{"line":149,"column":null}},{"start":{},"end":{}}],"line":143},"28":{"loc":{"start":{"line":143,"column":6},"end":{"line":146,"column":null}},"type":"binary-expr","locations":[{"start":{"line":143,"column":6},"end":{"line":143,"column":null}},{"start":{"line":144,"column":4},"end":{"line":144,"column":null}},{"start":{"line":145,"column":4},"end":{"line":145,"column":null}},{"start":{"line":146,"column":4},"end":{"line":146,"column":26}}],"line":143},"29":{"loc":{"start":{"line":153,"column":18},"end":{"line":153,"column":null}},"type":"cond-expr","locations":[{"start":{"line":153,"column":40},"end":{"line":153,"column":55}},{"start":{"line":153,"column":55},"end":{"line":153,"column":null}}],"line":153},"30":{"loc":{"start":{"line":155,"column":2},"end":{"line":157,"column":null}},"type":"if","locations":[{"start":{"line":155,"column":2},"end":{"line":157,"column":null}},{"start":{},"end":{}}],"line":155},"31":{"loc":{"start":{"line":155,"column":6},"end":{"line":155,"column":67}},"type":"binary-expr","locations":[{"start":{"line":155,"column":6},"end":{"line":155,"column":40}},{"start":{"line":155,"column":40},"end":{"line":155,"column":67}}],"line":155},"32":{"loc":{"start":{"line":161,"column":4},"end":{"line":163,"column":null}},"type":"cond-expr","locations":[{"start":{"line":161,"column":27},"end":{"line":161,"column":null}},{"start":{"line":162,"column":6},"end":{"line":163,"column":null}}],"line":161},"33":{"loc":{"start":{"line":162,"column":6},"end":{"line":163,"column":null}},"type":"cond-expr","locations":[{"start":{"line":162,"column":29},"end":{"line":162,"column":null}},{"start":{"line":163,"column":8},"end":{"line":163,"column":null}}],"line":162},"34":{"loc":{"start":{"line":165,"column":2},"end":{"line":167,"column":null}},"type":"if","locations":[{"start":{"line":165,"column":2},"end":{"line":167,"column":null}},{"start":{},"end":{}}],"line":165},"35":{"loc":{"start":{"line":170,"column":22},"end":{"line":170,"column":null}},"type":"cond-expr","locations":[{"start":{"line":170,"column":48},"end":{"line":170,"column":79}},{"start":{"line":170,"column":79},"end":{"line":170,"column":null}}],"line":170},"36":{"loc":{"start":{"line":171,"column":18},"end":{"line":171,"column":null}},"type":"cond-expr","locations":[{"start":{"line":171,"column":40},"end":{"line":171,"column":60}},{"start":{"line":171,"column":60},"end":{"line":171,"column":null}}],"line":171},"37":{"loc":{"start":{"line":174,"column":2},"end":{"line":186,"column":null}},"type":"switch","locations":[{"start":{"line":175,"column":4},"end":{"line":177,"column":null}},{"start":{"line":178,"column":4},"end":{"line":180,"column":null}},{"start":{"line":181,"column":4},"end":{"line":183,"column":null}},{"start":{"line":184,"column":4},"end":{"line":185,"column":null}}],"line":174},"38":{"loc":{"start":{"line":189,"column":2},"end":{"line":204,"column":null}},"type":"if","locations":[{"start":{"line":189,"column":2},"end":{"line":204,"column":null}},{"start":{},"end":{}}],"line":189},"39":{"loc":{"start":{"line":190,"column":4},"end":{"line":192,"column":null}},"type":"if","locations":[{"start":{"line":190,"column":4},"end":{"line":192,"column":null}},{"start":{},"end":{}}],"line":190},"40":{"loc":{"start":{"line":193,"column":4},"end":{"line":195,"column":null}},"type":"if","locations":[{"start":{"line":193,"column":4},"end":{"line":195,"column":null}},{"start":{},"end":{}}],"line":193},"41":{"loc":{"start":{"line":193,"column":8},"end":{"line":193,"column":64}},"type":"binary-expr","locations":[{"start":{"line":193,"column":8},"end":{"line":193,"column":35}},{"start":{"line":193,"column":35},"end":{"line":193,"column":64}}],"line":193},"42":{"loc":{"start":{"line":196,"column":4},"end":{"line":199,"column":null}},"type":"if","locations":[{"start":{"line":196,"column":4},"end":{"line":199,"column":null}},{"start":{},"end":{}}],"line":196},"43":{"loc":{"start":{"line":200,"column":4},"end":{"line":203,"column":null}},"type":"if","locations":[{"start":{"line":200,"column":4},"end":{"line":203,"column":null}},{"start":{},"end":{}}],"line":200},"44":{"loc":{"start":{"line":200,"column":8},"end":{"line":200,"column":77}},"type":"binary-expr","locations":[{"start":{"line":200,"column":8},"end":{"line":200,"column":42}},{"start":{"line":200,"column":42},"end":{"line":200,"column":77}}],"line":200},"45":{"loc":{"start":{"line":206,"column":2},"end":{"line":218,"column":null}},"type":"if","locations":[{"start":{"line":206,"column":2},"end":{"line":218,"column":null}},{"start":{},"end":{}}],"line":206},"46":{"loc":{"start":{"line":207,"column":4},"end":{"line":214,"column":null}},"type":"binary-expr","locations":[{"start":{"line":207,"column":4},"end":{"line":207,"column":null}},{"start":{"line":208,"column":4},"end":{"line":208,"column":null}},{"start":{"line":210,"column":6},"end":{"line":210,"column":null}},{"start":{"line":211,"column":6},"end":{"line":211,"column":null}},{"start":{"line":212,"column":6},"end":{"line":212,"column":null}},{"start":{"line":213,"column":6},"end":{"line":213,"column":null}},{"start":{"line":214,"column":6},"end":{"line":214,"column":33}}],"line":207},"47":{"loc":{"start":{"line":221,"column":2},"end":{"line":236,"column":null}},"type":"if","locations":[{"start":{"line":221,"column":2},"end":{"line":236,"column":null}},{"start":{},"end":{}}],"line":221},"48":{"loc":{"start":{"line":222,"column":4},"end":{"line":224,"column":null}},"type":"if","locations":[{"start":{"line":222,"column":4},"end":{"line":224,"column":null}},{"start":{},"end":{}}],"line":222},"49":{"loc":{"start":{"line":225,"column":4},"end":{"line":227,"column":null}},"type":"if","locations":[{"start":{"line":225,"column":4},"end":{"line":227,"column":null}},{"start":{},"end":{}}],"line":225},"50":{"loc":{"start":{"line":228,"column":4},"end":{"line":230,"column":null}},"type":"if","locations":[{"start":{"line":228,"column":4},"end":{"line":230,"column":null}},{"start":{},"end":{}}],"line":228},"51":{"loc":{"start":{"line":228,"column":8},"end":{"line":228,"column":68}},"type":"binary-expr","locations":[{"start":{"line":228,"column":8},"end":{"line":228,"column":35}},{"start":{"line":228,"column":35},"end":{"line":228,"column":68}}],"line":228},"52":{"loc":{"start":{"line":231,"column":4},"end":{"line":235,"column":null}},"type":"if","locations":[{"start":{"line":231,"column":4},"end":{"line":235,"column":null}},{"start":{},"end":{}}],"line":231},"53":{"loc":{"start":{"line":231,"column":8},"end":{"line":231,"column":69}},"type":"binary-expr","locations":[{"start":{"line":231,"column":8},"end":{"line":231,"column":37}},{"start":{"line":231,"column":37},"end":{"line":231,"column":69}}],"line":231},"54":{"loc":{"start":{"line":238,"column":2},"end":{"line":240,"column":null}},"type":"if","locations":[{"start":{"line":238,"column":2},"end":{"line":240,"column":null}},{"start":{},"end":{}}],"line":238},"55":{"loc":{"start":{"line":238,"column":6},"end":{"line":238,"column":93}},"type":"binary-expr","locations":[{"start":{"line":238,"column":6},"end":{"line":238,"column":35}},{"start":{"line":238,"column":35},"end":{"line":238,"column":69}},{"start":{"line":238,"column":69},"end":{"line":238,"column":89}}],"line":238},"56":{"loc":{"start":{"line":242,"column":2},"end":{"line":244,"column":null}},"type":"if","locations":[{"start":{"line":242,"column":2},"end":{"line":244,"column":null}},{"start":{},"end":{}}],"line":242},"57":{"loc":{"start":{"line":242,"column":6},"end":{"line":242,"column":61}},"type":"binary-expr","locations":[{"start":{"line":242,"column":6},"end":{"line":242,"column":35}},{"start":{"line":242,"column":35},"end":{"line":242,"column":61}}],"line":242},"58":{"loc":{"start":{"line":247,"column":19},"end":{"line":247,"column":null}},"type":"cond-expr","locations":[{"start":{"line":247,"column":46},"end":{"line":247,"column":56}},{"start":{"line":247,"column":56},"end":{"line":247,"column":null}}],"line":247},"59":{"loc":{"start":{"line":247,"column":56},"end":{"line":247,"column":null}},"type":"cond-expr","locations":[{"start":{"line":247,"column":83},"end":{"line":247,"column":93}},{"start":{"line":247,"column":93},"end":{"line":247,"column":null}}],"line":247},"60":{"loc":{"start":{"line":248,"column":2},"end":{"line":250,"column":null}},"type":"if","locations":[{"start":{"line":248,"column":2},"end":{"line":250,"column":null}},{"start":{},"end":{}}],"line":248},"61":{"loc":{"start":{"line":253,"column":2},"end":{"line":268,"column":null}},"type":"if","locations":[{"start":{"line":253,"column":2},"end":{"line":268,"column":null}},{"start":{},"end":{}}],"line":253},"62":{"loc":{"start":{"line":254,"column":4},"end":{"line":262,"column":null}},"type":"if","locations":[{"start":{"line":254,"column":4},"end":{"line":262,"column":null}},{"start":{},"end":{}}],"line":254},"63":{"loc":{"start":{"line":255,"column":6},"end":{"line":258,"column":null}},"type":"binary-expr","locations":[{"start":{"line":255,"column":6},"end":{"line":255,"column":null}},{"start":{"line":256,"column":6},"end":{"line":256,"column":null}},{"start":{"line":257,"column":6},"end":{"line":257,"column":null}},{"start":{"line":258,"column":6},"end":{"line":258,"column":null}}],"line":255},"64":{"loc":{"start":{"line":264,"column":4},"end":{"line":267,"column":null}},"type":"if","locations":[{"start":{"line":264,"column":4},"end":{"line":267,"column":null}},{"start":{},"end":{}}],"line":264},"65":{"loc":{"start":{"line":275,"column":22},"end":{"line":281,"column":12}},"type":"binary-expr","locations":[{"start":{"line":275,"column":22},"end":{"line":281,"column":10}},{"start":{"line":281,"column":10},"end":{"line":281,"column":12}}],"line":275},"66":{"loc":{"start":{"line":277,"column":6},"end":{"line":277,"column":null}},"type":"if","locations":[{"start":{"line":277,"column":6},"end":{"line":277,"column":null}},{"start":{},"end":{}}],"line":277},"67":{"loc":{"start":{"line":277,"column":10},"end":{"line":277,"column":71}},"type":"binary-expr","locations":[{"start":{"line":277,"column":10},"end":{"line":277,"column":41}},{"start":{"line":277,"column":41},"end":{"line":277,"column":71}}],"line":277},"68":{"loc":{"start":{"line":278,"column":6},"end":{"line":278,"column":null}},"type":"if","locations":[{"start":{"line":278,"column":6},"end":{"line":278,"column":null}},{"start":{},"end":{}}],"line":278},"69":{"loc":{"start":{"line":278,"column":10},"end":{"line":278,"column":67}},"type":"binary-expr","locations":[{"start":{"line":278,"column":10},"end":{"line":278,"column":40}},{"start":{"line":278,"column":40},"end":{"line":278,"column":67}}],"line":278},"70":{"loc":{"start":{"line":279,"column":6},"end":{"line":279,"column":null}},"type":"if","locations":[{"start":{"line":279,"column":6},"end":{"line":279,"column":null}},{"start":{},"end":{}}],"line":279},"71":{"loc":{"start":{"line":279,"column":10},"end":{"line":279,"column":68}},"type":"binary-expr","locations":[{"start":{"line":279,"column":10},"end":{"line":279,"column":42}},{"start":{"line":279,"column":42},"end":{"line":279,"column":68}}],"line":279},"72":{"loc":{"start":{"line":283,"column":0},"end":{"line":294,"column":null}},"type":"if","locations":[{"start":{"line":283,"column":0},"end":{"line":294,"column":null}},{"start":{},"end":{}}],"line":283},"73":{"loc":{"start":{"line":286,"column":2},"end":{"line":288,"column":null}},"type":"if","locations":[{"start":{"line":286,"column":2},"end":{"line":288,"column":null}},{"start":{"line":287,"column":7},"end":{"line":288,"column":null}}],"line":286},"74":{"loc":{"start":{"line":287,"column":7},"end":{"line":288,"column":null}},"type":"if","locations":[{"start":{"line":287,"column":7},"end":{"line":288,"column":null}},{"start":{"line":288,"column":7},"end":{"line":288,"column":null}}],"line":287},"75":{"loc":{"start":{"line":298,"column":2},"end":{"line":304,"column":null}},"type":"if","locations":[{"start":{"line":298,"column":2},"end":{"line":304,"column":null}},{"start":{},"end":{}}],"line":298},"76":{"loc":{"start":{"line":299,"column":4},"end":{"line":301,"column":null}},"type":"binary-expr","locations":[{"start":{"line":299,"column":4},"end":{"line":299,"column":null}},{"start":{"line":300,"column":4},"end":{"line":300,"column":null}},{"start":{"line":301,"column":4},"end":{"line":301,"column":null}}],"line":299},"77":{"loc":{"start":{"line":307,"column":2},"end":{"line":319,"column":null}},"type":"if","locations":[{"start":{"line":307,"column":2},"end":{"line":319,"column":null}},{"start":{},"end":{}}],"line":307},"78":{"loc":{"start":{"line":308,"column":4},"end":{"line":315,"column":null}},"type":"binary-expr","locations":[{"start":{"line":308,"column":4},"end":{"line":308,"column":null}},{"start":{"line":309,"column":4},"end":{"line":309,"column":null}},{"start":{"line":311,"column":6},"end":{"line":311,"column":null}},{"start":{"line":312,"column":6},"end":{"line":312,"column":null}},{"start":{"line":313,"column":6},"end":{"line":313,"column":null}},{"start":{"line":314,"column":6},"end":{"line":314,"column":null}},{"start":{"line":315,"column":6},"end":{"line":315,"column":33}}],"line":308},"79":{"loc":{"start":{"line":322,"column":2},"end":{"line":329,"column":null}},"type":"if","locations":[{"start":{"line":322,"column":2},"end":{"line":329,"column":null}},{"start":{},"end":{}}],"line":322},"80":{"loc":{"start":{"line":322,"column":6},"end":{"line":326,"column":null}},"type":"binary-expr","locations":[{"start":{"line":322,"column":6},"end":{"line":322,"column":null}},{"start":{"line":323,"column":4},"end":{"line":323,"column":null}},{"start":{"line":324,"column":4},"end":{"line":324,"column":null}},{"start":{"line":325,"column":4},"end":{"line":325,"column":null}},{"start":{"line":326,"column":4},"end":{"line":326,"column":28}}],"line":322},"81":{"loc":{"start":{"line":332,"column":25},"end":{"line":334,"column":null}},"type":"cond-expr","locations":[{"start":{"line":333,"column":6},"end":{"line":333,"column":null}},{"start":{"line":334,"column":6},"end":{"line":334,"column":null}}],"line":332},"82":{"loc":{"start":{"line":333,"column":6},"end":{"line":333,"column":null}},"type":"binary-expr","locations":[{"start":{"line":333,"column":6},"end":{"line":333,"column":38}},{"start":{"line":333,"column":38},"end":{"line":333,"column":null}}],"line":333},"83":{"loc":{"start":{"line":337,"column":4},"end":{"line":341,"column":null}},"type":"binary-expr","locations":[{"start":{"line":337,"column":4},"end":{"line":337,"column":null}},{"start":{"line":338,"column":4},"end":{"line":338,"column":null}},{"start":{"line":339,"column":4},"end":{"line":339,"column":null}},{"start":{"line":340,"column":4},"end":{"line":340,"column":null}},{"start":{"line":341,"column":4},"end":{"line":341,"column":null}}],"line":337},"84":{"loc":{"start":{"line":343,"column":2},"end":{"line":345,"column":null}},"type":"if","locations":[{"start":{"line":343,"column":2},"end":{"line":345,"column":null}},{"start":{},"end":{}}],"line":343},"85":{"loc":{"start":{"line":343,"column":6},"end":{"line":343,"column":41}},"type":"binary-expr","locations":[{"start":{"line":343,"column":6},"end":{"line":343,"column":24}},{"start":{"line":343,"column":24},"end":{"line":343,"column":41}}],"line":343}},"s":{"0":1,"1":5,"2":5,"3":5,"4":1,"5":4,"6":4,"7":4,"8":4,"9":4,"10":1,"11":35,"12":35,"13":35,"14":35,"15":35,"16":5,"17":35,"18":4,"19":35,"20":12,"21":12,"22":12,"23":12,"24":12,"25":5,"26":7,"27":1,"28":35,"29":6,"30":6,"31":6,"32":6,"33":6,"34":35,"35":1,"36":1,"37":35,"38":5,"39":5,"40":5,"41":35,"42":1,"43":1,"44":35,"45":2,"46":2,"47":35,"48":1,"49":1,"50":35,"51":1,"52":1,"53":35,"54":1,"55":35,"56":1,"57":35,"58":1,"59":1,"60":35,"61":35,"62":5,"63":30,"64":35,"65":2,"66":35,"67":2,"68":35,"69":35,"70":0,"71":35,"72":35,"73":5,"74":35,"75":35,"76":35,"77":26,"78":26,"79":5,"80":5,"81":4,"82":4,"83":0,"84":35,"85":5,"86":2,"87":5,"88":0,"89":5,"90":0,"91":0,"92":5,"93":5,"94":5,"95":35,"96":1,"97":35,"98":4,"99":1,"100":4,"101":0,"102":4,"103":1,"104":4,"105":1,"106":1,"107":1,"108":35,"109":0,"110":35,"111":2,"112":35,"113":35,"114":0,"115":35,"116":9,"117":7,"118":7,"119":9,"120":8,"121":8,"122":35,"123":35,"124":35,"125":35,"126":76,"127":76,"128":12,"129":64,"130":5,"131":59,"132":0,"133":59,"134":35,"135":9,"136":9,"137":4,"138":5,"139":5,"140":0,"141":9,"142":9,"143":9,"144":35,"145":18,"146":6,"147":35,"148":0,"149":35,"150":3,"151":35,"152":35,"153":35,"154":1,"155":35,"156":35},"f":{"0":5,"1":4,"2":35,"3":76,"4":18},"b":{"0":[1,34],"1":[34,0],"2":[5,30],"3":[4,31],"4":[12,23],"5":[5,7],"6":[1,6],"7":[6,29],"8":[35,32],"9":[1,34],"10":[5,30],"11":[35,32],"12":[1,34],"13":[2,33],"14":[1,34],"15":[1,34],"16":[1,34],"17":[1,34],"18":[1,34],"19":[2,33],"20":[1,32],"21":[5,30],"22":[0,5],"23":[2,28],"24":[7,21],"25":[2,33],"26":[35,5],"27":[2,33],"28":[35,4,4,3],"29":[6,29],"30":[0,35],"31":[35,29],"32":[12,23],"33":[4,19],"34":[5,30],"35":[1,34],"36":[1,34],"37":[26,5,4,0],"38":[5,30],"39":[2,3],"40":[0,5],"41":[5,2],"42":[0,5],"43":[5,0],"44":[5,5],"45":[1,34],"46":[35,5,1,0,0,0,0],"47":[4,31],"48":[1,3],"49":[0,4],"50":[1,3],"51":[4,1],"52":[1,3],"53":[4,3],"54":[0,35],"55":[35,4,4],"56":[2,33],"57":[35,9],"58":[2,33],"59":[7,26],"60":[0,35],"61":[9,26],"62":[7,2],"63":[9,9,7,7],"64":[8,1],"65":[35,0],"66":[12,64],"67":[76,12],"68":[5,59],"69":[64,5],"70":[0,59],"71":[59,59],"72":[9,26],"73":[4,5],"74":[5,0],"75":[6,29],"76":[35,35,6],"77":[0,35],"78":[35,4,0,0,0,0,0],"79":[3,32],"80":[35,4,4,1,1],"81":[34,1],"82":[34,32],"83":[35,31,29,27,27],"84":[1,34],"85":[35,1]},"meta":{"lastBranch":86,"lastFunction":5,"lastStatement":157,"seen":{"s:3:24:7:Infinity":0,"f:3:24:3:25":0,"s:4:2:4:Infinity":1,"s:5:2:5:Infinity":2,"s:6:2:6:Infinity":3,"s:9:25:15:Infinity":4,"f:9:25:9:26":1,"s:10:2:10:Infinity":5,"s:11:2:11:Infinity":6,"s:12:2:12:Infinity":7,"s:13:2:13:Infinity":8,"s:14:2:14:Infinity":9,"s:18:23:357:Infinity":10,"f:18:23:18:24":2,"s:19:16:30:Infinity":11,"s:32:2:32:Infinity":12,"s:35:17:42:Infinity":13,"s:44:15:46:27":14,"b:45:6:45:Infinity:46:6:46:27":0,"b:46:6:46:21:46:25:46:27":1,"b:48:2:50:Infinity:undefined:undefined:undefined:undefined":2,"s:48:2:50:Infinity":15,"s:49:4:49:Infinity":16,"b:52:2:54:Infinity:undefined:undefined:undefined:undefined":3,"s:52:2:54:Infinity":17,"s:53:4:53:Infinity":18,"b:58:2:68:Infinity:undefined:undefined:undefined:undefined":4,"s:58:2:68:Infinity":19,"s:59:4:59:Infinity":20,"s:60:4:60:Infinity":21,"s:61:4:61:Infinity":22,"s:62:4:62:Infinity":23,"b:63:4:67:Infinity:65:11:67:Infinity":5,"s:63:4:67:Infinity":24,"s:64:6:64:Infinity":25,"b:65:11:67:Infinity:undefined:undefined:undefined:undefined":6,"s:65:11:67:Infinity":26,"s:66:6:66:Infinity":27,"b:70:2:76:Infinity:undefined:undefined:undefined:undefined":7,"s:70:2:76:Infinity":28,"b:70:6:70:35:70:35:70:65":8,"s:71:4:71:Infinity":29,"s:72:4:72:Infinity":30,"s:73:4:73:Infinity":31,"s:74:4:74:Infinity":32,"s:75:4:75:Infinity":33,"b:78:2:81:Infinity:undefined:undefined:undefined:undefined":9,"s:78:2:81:Infinity":34,"s:79:4:79:Infinity":35,"s:80:4:80:Infinity":36,"b:83:2:87:Infinity:undefined:undefined:undefined:undefined":10,"s:83:2:87:Infinity":37,"b:83:6:83:38:83:38:83:68":11,"s:84:4:84:Infinity":38,"s:85:4:85:Infinity":39,"s:86:4:86:Infinity":40,"b:89:2:92:Infinity:undefined:undefined:undefined:undefined":12,"s:89:2:92:Infinity":41,"s:90:4:90:Infinity":42,"s:91:4:91:Infinity":43,"b:95:2:98:Infinity:undefined:undefined:undefined:undefined":13,"s:95:2:98:Infinity":44,"s:96:4:96:Infinity":45,"s:97:4:97:Infinity":46,"b:100:2:103:Infinity:undefined:undefined:undefined:undefined":14,"s:100:2:103:Infinity":47,"s:101:4:101:Infinity":48,"s:102:4:102:Infinity":49,"b:105:2:108:Infinity:undefined:undefined:undefined:undefined":15,"s:105:2:108:Infinity":50,"s:106:4:106:Infinity":51,"s:107:4:107:Infinity":52,"b:110:2:112:Infinity:undefined:undefined:undefined:undefined":16,"s:110:2:112:Infinity":53,"s:111:4:111:Infinity":54,"b:114:2:116:Infinity:undefined:undefined:undefined:undefined":17,"s:114:2:116:Infinity":55,"s:115:4:115:Infinity":56,"b:119:2:122:Infinity:undefined:undefined:undefined:undefined":18,"s:119:2:122:Infinity":57,"s:120:4:120:Infinity":58,"s:121:4:121:Infinity":59,"s:125:2:128:Infinity":60,"b:126:30:126:Infinity:127:6:128:Infinity":19,"b:127:32:127:Infinity:128:8:128:Infinity":20,"b:130:2:137:Infinity:132:9:137:Infinity":21,"s:130:2:137:Infinity":61,"s:131:4:131:Infinity":62,"b:131:43:131:53:131:53:131:Infinity":22,"s:133:4:136:Infinity":63,"b:134:33:134:Infinity:135:8:136:Infinity":23,"b:135:35:135:Infinity:136:10:136:Infinity":24,"b:139:2:141:Infinity:undefined:undefined:undefined:undefined":25,"s:139:2:141:Infinity":64,"b:139:6:139:34:139:34:139:59":26,"s:140:4:140:Infinity":65,"b:143:2:149:Infinity:undefined:undefined:undefined:undefined":27,"s:143:2:149:Infinity":66,"b:143:6:143:Infinity:144:4:144:Infinity:145:4:145:Infinity:146:4:146:26":28,"s:148:4:148:Infinity":67,"s:153:2:153:Infinity":68,"b:153:40:153:55:153:55:153:Infinity":29,"b:155:2:157:Infinity:undefined:undefined:undefined:undefined":30,"s:155:2:157:Infinity":69,"b:155:6:155:40:155:40:155:67":31,"s:156:4:156:Infinity":70,"s:160:2:163:Infinity":71,"b:161:27:161:Infinity:162:6:163:Infinity":32,"b:162:29:162:Infinity:163:8:163:Infinity":33,"b:165:2:167:Infinity:undefined:undefined:undefined:undefined":34,"s:165:2:167:Infinity":72,"s:166:4:166:Infinity":73,"s:170:2:170:Infinity":74,"b:170:48:170:79:170:79:170:Infinity":35,"s:171:2:171:Infinity":75,"b:171:40:171:60:171:60:171:Infinity":36,"b:175:4:177:Infinity:178:4:180:Infinity:181:4:183:Infinity:184:4:185:Infinity":37,"s:174:2:186:Infinity":76,"s:176:6:176:Infinity":77,"s:177:6:177:Infinity":78,"s:179:6:179:Infinity":79,"s:180:6:180:Infinity":80,"s:182:6:182:Infinity":81,"s:183:6:183:Infinity":82,"s:185:6:185:Infinity":83,"b:189:2:204:Infinity:undefined:undefined:undefined:undefined":38,"s:189:2:204:Infinity":84,"b:190:4:192:Infinity:undefined:undefined:undefined:undefined":39,"s:190:4:192:Infinity":85,"s:191:6:191:Infinity":86,"b:193:4:195:Infinity:undefined:undefined:undefined:undefined":40,"s:193:4:195:Infinity":87,"b:193:8:193:35:193:35:193:64":41,"s:194:6:194:Infinity":88,"b:196:4:199:Infinity:undefined:undefined:undefined:undefined":42,"s:196:4:199:Infinity":89,"s:197:6:197:Infinity":90,"s:198:6:198:Infinity":91,"b:200:4:203:Infinity:undefined:undefined:undefined:undefined":43,"s:200:4:203:Infinity":92,"b:200:8:200:42:200:42:200:77":44,"s:201:6:201:Infinity":93,"s:202:6:202:Infinity":94,"b:206:2:218:Infinity:undefined:undefined:undefined:undefined":45,"s:206:2:218:Infinity":95,"b:207:4:207:Infinity:208:4:208:Infinity:210:6:210:Infinity:211:6:211:Infinity:212:6:212:Infinity:213:6:213:Infinity:214:6:214:33":46,"s:217:4:217:Infinity":96,"b:221:2:236:Infinity:undefined:undefined:undefined:undefined":47,"s:221:2:236:Infinity":97,"b:222:4:224:Infinity:undefined:undefined:undefined:undefined":48,"s:222:4:224:Infinity":98,"s:223:6:223:Infinity":99,"b:225:4:227:Infinity:undefined:undefined:undefined:undefined":49,"s:225:4:227:Infinity":100,"s:226:6:226:Infinity":101,"b:228:4:230:Infinity:undefined:undefined:undefined:undefined":50,"s:228:4:230:Infinity":102,"b:228:8:228:35:228:35:228:68":51,"s:229:6:229:Infinity":103,"b:231:4:235:Infinity:undefined:undefined:undefined:undefined":52,"s:231:4:235:Infinity":104,"b:231:8:231:37:231:37:231:69":53,"s:232:6:232:Infinity":105,"s:233:6:233:Infinity":106,"s:234:6:234:Infinity":107,"b:238:2:240:Infinity:undefined:undefined:undefined:undefined":54,"s:238:2:240:Infinity":108,"b:238:6:238:35:238:35:238:69:238:69:238:89":55,"s:239:4:239:Infinity":109,"b:242:2:244:Infinity:undefined:undefined:undefined:undefined":56,"s:242:2:244:Infinity":110,"b:242:6:242:35:242:35:242:61":57,"s:243:4:243:Infinity":111,"s:247:19:247:Infinity":112,"b:247:46:247:56:247:56:247:Infinity":58,"b:247:83:247:93:247:93:247:Infinity":59,"b:248:2:250:Infinity:undefined:undefined:undefined:undefined":60,"s:248:2:250:Infinity":113,"s:249:4:249:Infinity":114,"b:253:2:268:Infinity:undefined:undefined:undefined:undefined":61,"s:253:2:268:Infinity":115,"b:254:4:262:Infinity:undefined:undefined:undefined:undefined":62,"s:254:4:262:Infinity":116,"b:255:6:255:Infinity:256:6:256:Infinity:257:6:257:Infinity:258:6:258:Infinity":63,"s:260:6:260:Infinity":117,"s:261:6:261:Infinity":118,"b:264:4:267:Infinity:undefined:undefined:undefined:undefined":64,"s:264:4:267:Infinity":119,"s:265:6:265:Infinity":120,"s:266:6:266:Infinity":121,"s:270:8:270:Infinity":122,"s:271:2:271:Infinity":123,"s:274:19:274:Infinity":124,"s:275:2:281:Infinity":125,"b:275:22:281:10:281:10:281:12":65,"f:275:40:275:Infinity":3,"s:276:19:276:Infinity":126,"b:277:6:277:Infinity:undefined:undefined:undefined:undefined":66,"s:277:6:277:Infinity":127,"b:277:10:277:41:277:41:277:71":67,"s:277:71:277:Infinity":128,"b:278:6:278:Infinity:undefined:undefined:undefined:undefined":68,"s:278:6:278:Infinity":129,"b:278:10:278:40:278:40:278:67":69,"s:278:67:278:Infinity":130,"b:279:6:279:Infinity:undefined:undefined:undefined:undefined":70,"s:279:6:279:Infinity":131,"b:279:10:279:42:279:42:279:68":71,"s:279:68:279:Infinity":132,"s:280:6:280:Infinity":133,"b:283:0:294:Infinity:undefined:undefined:undefined:undefined":72,"s:283:0:294:Infinity":134,"s:284:20:284:Infinity":135,"b:286:2:288:Infinity:287:7:288:Infinity":73,"s:286:2:288:Infinity":136,"s:286:31:286:Infinity":137,"b:287:7:288:Infinity:288:7:288:Infinity":74,"s:287:7:288:Infinity":138,"s:287:33:287:Infinity":139,"s:288:7:288:Infinity":140,"s:290:2:290:Infinity":141,"s:292:2:292:Infinity":142,"s:293:2:293:Infinity":143,"b:298:2:304:Infinity:undefined:undefined:undefined:undefined":75,"s:298:2:304:Infinity":144,"b:299:4:299:Infinity:300:4:300:Infinity:301:4:301:Infinity":76,"f:301:20:301:25":4,"s:301:25:301:Infinity":145,"s:303:4:303:Infinity":146,"b:307:2:319:Infinity:undefined:undefined:undefined:undefined":77,"s:307:2:319:Infinity":147,"b:308:4:308:Infinity:309:4:309:Infinity:311:6:311:Infinity:312:6:312:Infinity:313:6:313:Infinity:314:6:314:Infinity:315:6:315:33":78,"s:318:4:318:Infinity":148,"b:322:2:329:Infinity:undefined:undefined:undefined:undefined":79,"s:322:2:329:Infinity":149,"b:322:6:322:Infinity:323:4:323:Infinity:324:4:324:Infinity:325:4:325:Infinity:326:4:326:28":80,"s:328:4:328:Infinity":150,"s:332:25:334:Infinity":151,"b:333:6:333:Infinity:334:6:334:Infinity":81,"b:333:6:333:38:333:38:333:Infinity":82,"s:337:4:341:Infinity":152,"b:337:4:337:Infinity:338:4:338:Infinity:339:4:339:Infinity:340:4:340:Infinity:341:4:341:Infinity":83,"b:343:2:345:Infinity:undefined:undefined:undefined:undefined":84,"s:343:2:345:Infinity":153,"b:343:6:343:24:343:24:343:41":85,"s:344:4:344:Infinity":154,"s:347:2:352:Infinity":155,"s:356:2:356:Infinity":156}}}
,"E:\\Job\\ComputerSelectorHelper\\src\\utils\\laptopModels.js": {"path":"E:\\Job\\ComputerSelectorHelper\\src\\utils\\laptopModels.js","statementMap":{"0":{"start":{"line":1,"column":24},"end":{"line":2,"column":75}},"1":{"start":{"line":2,"column":2},"end":{"line":2,"column":75}},"2":{"start":{"line":4,"column":21},"end":{"line":269,"column":1}}},"fnMap":{"0":{"name":"(anonymous_0)","decl":{"start":{"line":1,"column":24},"end":{"line":1,"column":25}},"loc":{"start":{"line":2,"column":2},"end":{"line":2,"column":75}},"line":2}},"branchMap":{},"s":{"0":2,"1":46,"2":2},"f":{"0":46},"b":{},"meta":{"lastBranch":0,"lastFunction":1,"lastStatement":3,"seen":{"s:1:24:2:75":0,"f:1:24:1:25":0,"s:2:2:2:75":1,"s:4:21:269:1":2}}}
,"E:\\Job\\ComputerSelectorHelper\\src\\utils\\matchLaptopClass.jsx": {"path":"E:\\Job\\ComputerSelectorHelper\\src\\utils\\matchLaptopClass.jsx","statementMap":{"0":{"start":{"line":3,"column":18},"end":{"line":5,"column":null}},"1":{"start":{"line":4,"column":2},"end":{"line":5,"column":null}},"2":{"start":{"line":7,"column":19},"end":{"line":8,"column":null}},"3":{"start":{"line":8,"column":2},"end":{"line":8,"column":null}},"4":{"start":{"line":11,"column":25},"end":{"line":92,"column":null}},"5":{"start":{"line":12,"column":27},"end":{"line":41,"column":null}},"6":{"start":{"line":13,"column":21},"end":{"line":13,"column":null}},"7":{"start":{"line":14,"column":20},"end":{"line":14,"column":null}},"8":{"start":{"line":15,"column":23},"end":{"line":15,"column":null}},"9":{"start":{"line":17,"column":4},"end":{"line":17,"column":null}},"10":{"start":{"line":17,"column":61},"end":{"line":17,"column":null}},"11":{"start":{"line":18,"column":4},"end":{"line":18,"column":null}},"12":{"start":{"line":18,"column":81},"end":{"line":18,"column":null}},"13":{"start":{"line":19,"column":4},"end":{"line":22,"column":null}},"14":{"start":{"line":20,"column":6},"end":{"line":20,"column":null}},"15":{"start":{"line":20,"column":57},"end":{"line":20,"column":null}},"16":{"start":{"line":21,"column":6},"end":{"line":21,"column":null}},"17":{"start":{"line":21,"column":137},"end":{"line":21,"column":null}},"18":{"start":{"line":24,"column":4},"end":{"line":24,"column":null}},"19":{"start":{"line":24,"column":58},"end":{"line":24,"column":null}},"20":{"start":{"line":25,"column":4},"end":{"line":25,"column":null}},"21":{"start":{"line":25,"column":79},"end":{"line":25,"column":null}},"22":{"start":{"line":26,"column":4},"end":{"line":26,"column":null}},"23":{"start":{"line":26,"column":78},"end":{"line":26,"column":null}},"24":{"start":{"line":27,"column":4},"end":{"line":27,"column":null}},"25":{"start":{"line":27,"column":64},"end":{"line":27,"column":null}},"26":{"start":{"line":28,"column":4},"end":{"line":31,"column":null}},"27":{"start":{"line":31,"column":6},"end":{"line":31,"column":null}},"28":{"start":{"line":34,"column":18},"end":{"line":34,"column":null}},"29":{"start":{"line":36,"column":4},"end":{"line":36,"column":null}},"30":{"start":{"line":36,"column":48},"end":{"line":36,"column":null}},"31":{"start":{"line":37,"column":4},"end":{"line":37,"column":null}},"32":{"start":{"line":37,"column":52},"end":{"line":37,"column":null}},"33":{"start":{"line":38,"column":4},"end":{"line":38,"column":null}},"34":{"start":{"line":38,"column":50},"end":{"line":38,"column":null}},"35":{"start":{"line":40,"column":4},"end":{"line":40,"column":null}},"36":{"start":{"line":43,"column":23},"end":{"line":84,"column":null}},"37":{"start":{"line":44,"column":16},"end":{"line":44,"column":null}},"38":{"start":{"line":46,"column":23},"end":{"line":46,"column":null}},"39":{"start":{"line":47,"column":21},"end":{"line":47,"column":null}},"40":{"start":{"line":49,"column":4},"end":{"line":49,"column":null}},"41":{"start":{"line":49,"column":68},"end":{"line":49,"column":null}},"42":{"start":{"line":50,"column":4},"end":{"line":50,"column":null}},"43":{"start":{"line":50,"column":54},"end":{"line":50,"column":null}},"44":{"start":{"line":51,"column":4},"end":{"line":51,"column":null}},"45":{"start":{"line":51,"column":60},"end":{"line":51,"column":null}},"46":{"start":{"line":52,"column":4},"end":{"line":52,"column":null}},"47":{"start":{"line":52,"column":58},"end":{"line":52,"column":null}},"48":{"start":{"line":53,"column":4},"end":{"line":53,"column":null}},"49":{"start":{"line":53,"column":49},"end":{"line":53,"column":null}},"50":{"start":{"line":54,"column":4},"end":{"line":54,"column":null}},"51":{"start":{"line":54,"column":66},"end":{"line":54,"column":null}},"52":{"start":{"line":56,"column":4},"end":{"line":58,"column":null}},"53":{"start":{"line":57,"column":6},"end":{"line":57,"column":null}},"54":{"start":{"line":59,"column":4},"end":{"line":63,"column":null}},"55":{"start":{"line":60,"column":6},"end":{"line":62,"column":null}},"56":{"start":{"line":61,"column":8},"end":{"line":61,"column":null}},"57":{"start":{"line":65,"column":4},"end":{"line":75,"column":null}},"58":{"start":{"line":66,"column":6},"end":{"line":74,"column":null}},"59":{"start":{"line":73,"column":8},"end":{"line":73,"column":null}},"60":{"start":{"line":79,"column":4},"end":{"line":81,"column":null}},"61":{"start":{"line":80,"column":6},"end":{"line":80,"column":null}},"62":{"start":{"line":83,"column":4},"end":{"line":83,"column":null}},"63":{"start":{"line":86,"column":22},"end":{"line":88,"column":17}},"64":{"start":{"line":87,"column":20},"end":{"line":87,"column":47}},"65":{"start":{"line":90,"column":2},"end":{"line":90,"column":null}}},"fnMap":{"0":{"name":"(anonymous_0)","decl":{"start":{"line":3,"column":18},"end":{"line":3,"column":19}},"loc":{"start":{"line":4,"column":2},"end":{"line":5,"column":null}},"line":4},"1":{"name":"(anonymous_1)","decl":{"start":{"line":7,"column":19},"end":{"line":7,"column":20}},"loc":{"start":{"line":8,"column":2},"end":{"line":8,"column":null}},"line":8},"2":{"name":"(anonymous_2)","decl":{"start":{"line":11,"column":25},"end":{"line":11,"column":26}},"loc":{"start":{"line":11,"column":26},"end":{"line":92,"column":null}},"line":11},"3":{"name":"(anonymous_3)","decl":{"start":{"line":12,"column":47},"end":{"line":12,"column":null}},"loc":{"start":{"line":12,"column":47},"end":{"line":41,"column":null}},"line":12},"4":{"name":"(anonymous_4)","decl":{"start":{"line":43,"column":44},"end":{"line":43,"column":null}},"loc":{"start":{"line":43,"column":44},"end":{"line":84,"column":null}},"line":43},"5":{"name":"(anonymous_5)","decl":{"start":{"line":87,"column":10},"end":{"line":87,"column":11}},"loc":{"start":{"line":87,"column":20},"end":{"line":87,"column":47}},"line":87}},"branchMap":{"0":{"loc":{"start":{"line":17,"column":4},"end":{"line":17,"column":null}},"type":"if","locations":[{"start":{"line":17,"column":4},"end":{"line":17,"column":null}},{"start":{},"end":{}}],"line":17},"1":{"loc":{"start":{"line":17,"column":8},"end":{"line":17,"column":61}},"type":"binary-expr","locations":[{"start":{"line":17,"column":8},"end":{"line":17,"column":35}},{"start":{"line":17,"column":35},"end":{"line":17,"column":61}}],"line":17},"2":{"loc":{"start":{"line":18,"column":4},"end":{"line":18,"column":null}},"type":"if","locations":[{"start":{"line":18,"column":4},"end":{"line":18,"column":null}},{"start":{},"end":{}}],"line":18},"3":{"loc":{"start":{"line":18,"column":8},"end":{"line":18,"column":81}},"type":"binary-expr","locations":[{"start":{"line":18,"column":8},"end":{"line":18,"column":35}},{"start":{"line":18,"column":35},"end":{"line":18,"column":81}}],"line":18},"4":{"loc":{"start":{"line":19,"column":4},"end":{"line":22,"column":null}},"type":"if","locations":[{"start":{"line":19,"column":4},"end":{"line":22,"column":null}},{"start":{},"end":{}}],"line":19},"5":{"loc":{"start":{"line":20,"column":6},"end":{"line":20,"column":null}},"type":"if","locations":[{"start":{"line":20,"column":6},"end":{"line":20,"column":null}},{"start":{},"end":{}}],"line":20},"6":{"loc":{"start":{"line":21,"column":6},"end":{"line":21,"column":null}},"type":"if","locations":[{"start":{"line":21,"column":6},"end":{"line":21,"column":null}},{"start":{},"end":{}}],"line":21},"7":{"loc":{"start":{"line":21,"column":10},"end":{"line":21,"column":137}},"type":"binary-expr","locations":[{"start":{"line":21,"column":10},"end":{"line":21,"column":53}},{"start":{"line":21,"column":53},"end":{"line":21,"column":96}},{"start":{"line":21,"column":96},"end":{"line":21,"column":137}}],"line":21},"8":{"loc":{"start":{"line":24,"column":4},"end":{"line":24,"column":null}},"type":"if","locations":[{"start":{"line":24,"column":4},"end":{"line":24,"column":null}},{"start":{},"end":{}}],"line":24},"9":{"loc":{"start":{"line":24,"column":8},"end":{"line":24,"column":58}},"type":"binary-expr","locations":[{"start":{"line":24,"column":8},"end":{"line":24,"column":32}},{"start":{"line":24,"column":32},"end":{"line":24,"column":58}}],"line":24},"10":{"loc":{"start":{"line":25,"column":4},"end":{"line":25,"column":null}},"type":"if","locations":[{"start":{"line":25,"column":4},"end":{"line":25,"column":null}},{"start":{},"end":{}}],"line":25},"11":{"loc":{"start":{"line":25,"column":8},"end":{"line":25,"column":79}},"type":"binary-expr","locations":[{"start":{"line":25,"column":8},"end":{"line":25,"column":38}},{"start":{"line":25,"column":38},"end":{"line":25,"column":79}}],"line":25},"12":{"loc":{"start":{"line":26,"column":4},"end":{"line":26,"column":null}},"type":"if","locations":[{"start":{"line":26,"column":4},"end":{"line":26,"column":null}},{"start":{},"end":{}}],"line":26},"13":{"loc":{"start":{"line":26,"column":8},"end":{"line":26,"column":78}},"type":"binary-expr","locations":[{"start":{"line":26,"column":8},"end":{"line":26,"column":51}},{"start":{"line":26,"column":51},"end":{"line":26,"column":78}}],"line":26},"14":{"loc":{"start":{"line":27,"column":4},"end":{"line":27,"column":null}},"type":"if","locations":[{"start":{"line":27,"column":4},"end":{"line":27,"column":null}},{"start":{},"end":{}}],"line":27},"15":{"loc":{"start":{"line":27,"column":8},"end":{"line":27,"column":64}},"type":"binary-expr","locations":[{"start":{"line":27,"column":8},"end":{"line":27,"column":33}},{"start":{"line":27,"column":33},"end":{"line":27,"column":64}}],"line":27},"16":{"loc":{"start":{"line":28,"column":4},"end":{"line":31,"column":null}},"type":"if","locations":[{"start":{"line":28,"column":4},"end":{"line":31,"column":null}},{"start":{},"end":{}}],"line":28},"17":{"loc":{"start":{"line":29,"column":6},"end":{"line":30,"column":null}},"type":"binary-expr","locations":[{"start":{"line":29,"column":7},"end":{"line":29,"column":41}},{"start":{"line":29,"column":41},"end":{"line":29,"column":75}},{"start":{"line":30,"column":6},"end":{"line":30,"column":36}},{"start":{"line":30,"column":36},"end":{"line":30,"column":null}}],"line":29},"18":{"loc":{"start":{"line":36,"column":4},"end":{"line":36,"column":null}},"type":"if","locations":[{"start":{"line":36,"column":4},"end":{"line":36,"column":null}},{"start":{},"end":{}}],"line":36},"19":{"loc":{"start":{"line":36,"column":8},"end":{"line":36,"column":48}},"type":"binary-expr","locations":[{"start":{"line":36,"column":8},"end":{"line":36,"column":34}},{"start":{"line":36,"column":34},"end":{"line":36,"column":48}}],"line":36},"20":{"loc":{"start":{"line":37,"column":4},"end":{"line":37,"column":null}},"type":"if","locations":[{"start":{"line":37,"column":4},"end":{"line":37,"column":null}},{"start":{},"end":{}}],"line":37},"21":{"loc":{"start":{"line":37,"column":8},"end":{"line":37,"column":52}},"type":"binary-expr","locations":[{"start":{"line":37,"column":8},"end":{"line":37,"column":37}},{"start":{"line":37,"column":37},"end":{"line":37,"column":52}}],"line":37},"22":{"loc":{"start":{"line":38,"column":4},"end":{"line":38,"column":null}},"type":"if","locations":[{"start":{"line":38,"column":4},"end":{"line":38,"column":null}},{"start":{},"end":{}}],"line":38},"23":{"loc":{"start":{"line":38,"column":8},"end":{"line":38,"column":50}},"type":"binary-expr","locations":[{"start":{"line":38,"column":8},"end":{"line":38,"column":35}},{"start":{"line":38,"column":35},"end":{"line":38,"column":50}}],"line":38},"24":{"loc":{"start":{"line":49,"column":4},"end":{"line":49,"column":null}},"type":"if","locations":[{"start":{"line":49,"column":4},"end":{"line":49,"column":null}},{"start":{},"end":{}}],"line":49},"25":{"loc":{"start":{"line":50,"column":4},"end":{"line":50,"column":null}},"type":"if","locations":[{"start":{"line":50,"column":4},"end":{"line":50,"column":null}},{"start":{},"end":{}}],"line":50},"26":{"loc":{"start":{"line":51,"column":4},"end":{"line":51,"column":null}},"type":"if","locations":[{"start":{"line":51,"column":4},"end":{"line":51,"column":null}},{"start":{},"end":{}}],"line":51},"27":{"loc":{"start":{"line":52,"column":4},"end":{"line":52,"column":null}},"type":"if","locations":[{"start":{"line":52,"column":4},"end":{"line":52,"column":null}},{"start":{},"end":{}}],"line":52},"28":{"loc":{"start":{"line":53,"column":4},"end":{"line":53,"column":null}},"type":"if","locations":[{"start":{"line":53,"column":4},"end":{"line":53,"column":null}},{"start":{},"end":{}}],"line":53},"29":{"loc":{"start":{"line":54,"column":4},"end":{"line":54,"column":null}},"type":"if","locations":[{"start":{"line":54,"column":4},"end":{"line":54,"column":null}},{"start":{},"end":{}}],"line":54},"30":{"loc":{"start":{"line":56,"column":4},"end":{"line":58,"column":null}},"type":"if","locations":[{"start":{"line":56,"column":4},"end":{"line":58,"column":null}},{"start":{},"end":{}}],"line":56},"31":{"loc":{"start":{"line":56,"column":8},"end":{"line":56,"column":76}},"type":"binary-expr","locations":[{"start":{"line":56,"column":8},"end":{"line":56,"column":46}},{"start":{"line":56,"column":46},"end":{"line":56,"column":76}}],"line":56},"32":{"loc":{"start":{"line":59,"column":4},"end":{"line":63,"column":null}},"type":"if","locations":[{"start":{"line":59,"column":4},"end":{"line":63,"column":null}},{"start":{},"end":{}}],"line":59},"33":{"loc":{"start":{"line":60,"column":6},"end":{"line":62,"column":null}},"type":"if","locations":[{"start":{"line":60,"column":6},"end":{"line":62,"column":null}},{"start":{},"end":{}}],"line":60},"34":{"loc":{"start":{"line":60,"column":10},"end":{"line":60,"column":91}},"type":"binary-expr","locations":[{"start":{"line":60,"column":10},"end":{"line":60,"column":38}},{"start":{"line":60,"column":38},"end":{"line":60,"column":66}},{"start":{"line":60,"column":66},"end":{"line":60,"column":91}}],"line":60},"35":{"loc":{"start":{"line":65,"column":4},"end":{"line":75,"column":null}},"type":"if","locations":[{"start":{"line":65,"column":4},"end":{"line":75,"column":null}},{"start":{},"end":{}}],"line":65},"36":{"loc":{"start":{"line":66,"column":6},"end":{"line":74,"column":null}},"type":"if","locations":[{"start":{"line":66,"column":6},"end":{"line":74,"column":null}},{"start":{},"end":{}}],"line":66},"37":{"loc":{"start":{"line":67,"column":8},"end":{"line":71,"column":null}},"type":"binary-expr","locations":[{"start":{"line":67,"column":8},"end":{"line":67,"column":null}},{"start":{"line":68,"column":8},"end":{"line":68,"column":null}},{"start":{"line":69,"column":8},"end":{"line":69,"column":null}},{"start":{"line":70,"column":8},"end":{"line":70,"column":null}},{"start":{"line":71,"column":8},"end":{"line":71,"column":null}}],"line":67},"38":{"loc":{"start":{"line":79,"column":4},"end":{"line":81,"column":null}},"type":"if","locations":[{"start":{"line":79,"column":4},"end":{"line":81,"column":null}},{"start":{},"end":{}}],"line":79},"39":{"loc":{"start":{"line":79,"column":8},"end":{"line":79,"column":89}},"type":"binary-expr","locations":[{"start":{"line":79,"column":8},"end":{"line":79,"column":43}},{"start":{"line":79,"column":43},"end":{"line":79,"column":89}}],"line":79},"40":{"loc":{"start":{"line":90,"column":9},"end":{"line":90,"column":null}},"type":"cond-expr","locations":[{"start":{"line":90,"column":30},"end":{"line":90,"column":44}},{"start":{"line":90,"column":44},"end":{"line":90,"column":null}}],"line":90}},"s":{"0":2,"1":1200,"2":2,"3":794,"4":2,"5":57,"6":1311,"7":1311,"8":1311,"9":1311,"10":49,"11":1262,"12":16,"13":1246,"14":184,"15":160,"16":24,"17":8,"18":1078,"19":0,"20":1078,"21":0,"22":1078,"23":208,"24":870,"25":56,"26":814,"27":20,"28":794,"29":794,"30":49,"31":745,"32":427,"33":318,"34":18,"35":300,"36":57,"37":300,"38":300,"39":300,"40":300,"41":0,"42":300,"43":139,"44":300,"45":0,"46":300,"47":100,"48":300,"49":0,"50":300,"51":0,"52":300,"53":4,"54":300,"55":7,"56":7,"57":300,"58":15,"59":4,"60":300,"61":0,"62":300,"63":57,"64":529,"65":57},"f":{"0":1200,"1":794,"2":57,"3":1311,"4":300,"5":529},"b":{"0":[49,1262],"1":[1311,161],"2":[16,1246],"3":[1262,112],"4":[184,1062],"5":[160,24],"6":[8,16],"7":[24,16,8],"8":[0,1078],"9":[1078,16],"10":[0,1078],"11":[1078,0],"12":[208,870],"13":[1078,292],"14":[56,814],"15":[870,116],"16":[20,794],"17":[814,779,35,25],"18":[49,745],"19":[794,59],"20":[427,318],"21":[745,653],"22":[18,300],"23":[318,82],"24":[0,300],"25":[139,161],"26":[0,300],"27":[100,200],"28":[0,300],"29":[0,300],"30":[4,296],"31":[300,8],"32":[7,293],"33":[7,0],"34":[7,0,0],"35":[15,285],"36":[4,11],"37":[15,14,11,11,11],"38":[0,300],"39":[300,8],"40":[40,17]},"meta":{"lastBranch":41,"lastFunction":6,"lastStatement":66,"seen":{"s:3:18:5:Infinity":0,"f:3:18:3:19":0,"s:4:2:5:Infinity":1,"s:7:19:8:Infinity":2,"f:7:19:7:20":1,"s:8:2:8:Infinity":3,"s:11:25:92:Infinity":4,"f:11:25:11:26":2,"s:12:27:41:Infinity":5,"f:12:47:12:Infinity":3,"s:13:21:13:Infinity":6,"s:14:20:14:Infinity":7,"s:15:23:15:Infinity":8,"b:17:4:17:Infinity:undefined:undefined:undefined:undefined":0,"s:17:4:17:Infinity":9,"b:17:8:17:35:17:35:17:61":1,"s:17:61:17:Infinity":10,"b:18:4:18:Infinity:undefined:undefined:undefined:undefined":2,"s:18:4:18:Infinity":11,"b:18:8:18:35:18:35:18:81":3,"s:18:81:18:Infinity":12,"b:19:4:22:Infinity:undefined:undefined:undefined:undefined":4,"s:19:4:22:Infinity":13,"b:20:6:20:Infinity:undefined:undefined:undefined:undefined":5,"s:20:6:20:Infinity":14,"s:20:57:20:Infinity":15,"b:21:6:21:Infinity:undefined:undefined:undefined:undefined":6,"s:21:6:21:Infinity":16,"b:21:10:21:53:21:53:21:96:21:96:21:137":7,"s:21:137:21:Infinity":17,"b:24:4:24:Infinity:undefined:undefined:undefined:undefined":8,"s:24:4:24:Infinity":18,"b:24:8:24:32:24:32:24:58":9,"s:24:58:24:Infinity":19,"b:25:4:25:Infinity:undefined:undefined:undefined:undefined":10,"s:25:4:25:Infinity":20,"b:25:8:25:38:25:38:25:79":11,"s:25:79:25:Infinity":21,"b:26:4:26:Infinity:undefined:undefined:undefined:undefined":12,"s:26:4:26:Infinity":22,"b:26:8:26:51:26:51:26:78":13,"s:26:78:26:Infinity":23,"b:27:4:27:Infinity:undefined:undefined:undefined:undefined":14,"s:27:4:27:Infinity":24,"b:27:8:27:33:27:33:27:64":15,"s:27:64:27:Infinity":25,"b:28:4:31:Infinity:undefined:undefined:undefined:undefined":16,"s:28:4:31:Infinity":26,"b:29:7:29:41:29:41:29:75:30:6:30:36:30:36:30:Infinity":17,"s:31:6:31:Infinity":27,"s:34:18:34:Infinity":28,"b:36:4:36:Infinity:undefined:undefined:undefined:undefined":18,"s:36:4:36:Infinity":29,"b:36:8:36:34:36:34:36:48":19,"s:36:48:36:Infinity":30,"b:37:4:37:Infinity:undefined:undefined:undefined:undefined":20,"s:37:4:37:Infinity":31,"b:37:8:37:37:37:37:37:52":21,"s:37:52:37:Infinity":32,"b:38:4:38:Infinity:undefined:undefined:undefined:undefined":22,"s:38:4:38:Infinity":33,"b:38:8:38:35:38:35:38:50":23,"s:38:50:38:Infinity":34,"s:40:4:40:Infinity":35,"s:43:23:84:Infinity":36,"f:43:44:43:Infinity":4,"s:44:16:44:Infinity":37,"s:46:23:46:Infinity":38,"s:47:21:47:Infinity":39,"b:49:4:49:Infinity:undefined:undefined:undefined:undefined":24,"s:49:4:49:Infinity":40,"s:49:68:49:Infinity":41,"b:50:4:50:Infinity:undefined:undefined:undefined:undefined":25,"s:50:4:50:Infinity":42,"s:50:54:50:Infinity":43,"b:51:4:51:Infinity:undefined:undefined:undefined:undefined":26,"s:51:4:51:Infinity":44,"s:51:60:51:Infinity":45,"b:52:4:52:Infinity:undefined:undefined:undefined:undefined":27,"s:52:4:52:Infinity":46,"s:52:58:52:Infinity":47,"b:53:4:53:Infinity:undefined:undefined:undefined:undefined":28,"s:53:4:53:Infinity":48,"s:53:49:53:Infinity":49,"b:54:4:54:Infinity:undefined:undefined:undefined:undefined":29,"s:54:4:54:Infinity":50,"s:54:66:54:Infinity":51,"b:56:4:58:Infinity:undefined:undefined:undefined:undefined":30,"s:56:4:58:Infinity":52,"b:56:8:56:46:56:46:56:76":31,"s:57:6:57:Infinity":53,"b:59:4:63:Infinity:undefined:undefined:undefined:undefined":32,"s:59:4:63:Infinity":54,"b:60:6:62:Infinity:undefined:undefined:undefined:undefined":33,"s:60:6:62:Infinity":55,"b:60:10:60:38:60:38:60:66:60:66:60:91":34,"s:61:8:61:Infinity":56,"b:65:4:75:Infinity:undefined:undefined:undefined:undefined":35,"s:65:4:75:Infinity":57,"b:66:6:74:Infinity:undefined:undefined:undefined:undefined":36,"s:66:6:74:Infinity":58,"b:67:8:67:Infinity:68:8:68:Infinity:69:8:69:Infinity:70:8:70:Infinity:71:8:71:Infinity":37,"s:73:8:73:Infinity":59,"b:79:4:81:Infinity:undefined:undefined:undefined:undefined":38,"s:79:4:81:Infinity":60,"b:79:8:79:43:79:43:79:89":39,"s:80:6:80:Infinity":61,"s:83:4:83:Infinity":62,"s:86:22:88:17":63,"f:87:10:87:11":5,"s:87:20:87:47":64,"s:90:2:90:Infinity":65,"b:90:30:90:44:90:44:90:Infinity":40}}}
}
